<?xml version="1.0" encoding="UTF-8"?>
<testsuite xmlns:xsi="http://www.w3.org/2001/XMLSchema-instance" xsi:noNamespaceSchemaLocation="https://maven.apache.org/surefire/maven-surefire-plugin/xsd/surefire-test-report-3.0.xsd" version="3.0" name="com.pahanedu.bookshop.CustomerTest" time="0.318" tests="25" errors="0" skipped="0" failures="0">
  <properties>
[...]
</properties>
  <testcase name="testNumericStrings" classname="com.pahanedu.bookshop.CustomerTest" time="0.111"/>
  <testcase name="testIsValidWithNullAccountNumber" classname="com.pahanedu.bookshop.CustomerTest" time="0.007"/>
  <testcase name="testSetAndGetUpdatedAt" classname="com.pahanedu.bookshop.CustomerTest" time="0.006"/>
  <testcase name="testIsValidWithNullAddress" classname="com.pahanedu.bookshop.CustomerTest" time="0.005"/>
  <testcase name="testIsValidWithNullTelephone" classname="com.pahanedu.bookshop.CustomerTest" time="0.002"/>
  <testcase name="testIsValidWithNullName" classname="com.pahanedu.bookshop.CustomerTest" time="0.003"/>
  <testcase name="testParameterizedConstructor" classname="com.pahanedu.bookshop.CustomerTest" time="0.004"/>
  <testcase name="testIsValidWithEmptyTelephone" classname="com.pahanedu.bookshop.CustomerTest" time="0.003"/>
  <testcase name="testEdgeCaseWithLongStrings" classname="com.pahanedu.bookshop.CustomerTest" time="0.003"/>
  <testcase name="testSetAndGetName" classname="com.pahanedu.bookshop.CustomerTest" time="0.003"/>
  <testcase name="testSetAndGetAccountNumber" classname="com.pahanedu.bookshop.CustomerTest" time="0.003"/>
  <testcase name="testIsValidWithWhitespaceOnlyStrings" classname="com.pahanedu.bookshop.CustomerTest" time="0.003"/>
  <testcase name="testIsValidWithMinimumValidData" classname="com.pahanedu.bookshop.CustomerTest" time="0.004"/>
  <testcase name="testIsValidWithEmptyName" classname="com.pahanedu.bookshop.CustomerTest" time="0.002"/>
  <testcase name="testGetDisplayInfo" classname="com.pahanedu.bookshop.CustomerTest" time="0.003"/>
  <testcase name="testIsValidWithTrimmedWhitespace" classname="com.pahanedu.bookshop.CustomerTest" time="0.003"/>
  <testcase name="testIsValidWithValidData" classname="com.pahanedu.bookshop.CustomerTest" time="0.002"/>
  <testcase name="testSpecialCharactersInStrings" classname="com.pahanedu.bookshop.CustomerTest" time="0.004"/>
  <testcase name="testSetAndGetId" classname="com.pahanedu.bookshop.CustomerTest" time="0.004"/>
  <testcase name="testSetAndGetCreatedAt" classname="com.pahanedu.bookshop.CustomerTest" time="0.002"/>
  <testcase name="testSetAndGetTelephone" classname="com.pahanedu.bookshop.CustomerTest" time="0.002"/>
  <testcase name="testIsValidWithEmptyAddress" classname="com.pahanedu.bookshop.CustomerTest" time="0.002"/>
  <testcase name="testIsValidWithEmptyAccountNumber" classname="com.pahanedu.bookshop.CustomerTest" time="0.003"/>
  <testcase name="testSetAndGetAddress" classname="com.pahanedu.bookshop.CustomerTest" time="0.002"/>
  <testcase name="testDefaultConstructor" classname="com.pahanedu.bookshop.CustomerTest" time="0.003"/>
</testsuite>